2020-02-21 14:53:22.921  INFO 3488 --- [main] lavalink.server.Launcher                 : 

[32m       .  [31m _                  _ _       _    [32m__ _ _
[32m      /\\ [31m| | __ ___   ____ _| (_)_ __ | | __[32m\ \ \ \
[32m     ( ( )[31m| |/ _` \ \ / / _` | | | '_ \| |/ /[32m \ \ \ \
[32m      \\/ [31m| | (_| |\ V / (_| | | | | | |   < [32m  ) ) ) )
[32m       '  [31m|_|\__,_| \_/ \__,_|_|_|_| |_|_|\_\[32m / / / /
[0m    =========================================[32m/_/_/_/[0m

	Version:        4f53d09491ba5254eb5c55c234a63b208388d3ef-SNAPSHOT
	Build:          965
	Build time:     28.12.2019 17:02:58 UTC
	Branch          master
	Commit:         4f53d09
	Commit time:    28.12.2019 17:00:51 UTC
	JVM:            11.0.6
	Lavaplayer      1.3.32

2020-02-21 14:53:23.280  WARN 3488 --- [background-preinit] o.s.h.c.j.Jackson2ObjectMapperBuilder    : For Jackson Kotlin classes support please add "com.fasterxml.jackson.module:jackson-module-kotlin" to the classpath
2020-02-21 14:53:23.296  INFO 3488 --- [main] lavalink.server.Launcher                 : Starting Launcher on RPSTEAMSPEAK with PID 3488 (C:\Users\TEAMSPEAK\Desktop\RPS BOT\Bot\Lavalink.jar started by TEAMSPEAK in C:\Users\TEAMSPEAK\Desktop\RPS BOT\Bot)
2020-02-21 14:53:23.296  INFO 3488 --- [main] lavalink.server.Launcher                 : No active profile set, falling back to default profiles: default
2020-02-21 14:53:26.265  WARN 3488 --- [main] io.undertow.websockets.jsr               : UT026010: Buffer pool was not set on WebSocketDeploymentInfo, the default pool will be used
2020-02-21 14:53:26.296  INFO 3488 --- [main] io.undertow.servlet                      : Initializing Spring embedded WebApplicationContext
2020-02-21 14:53:26.296  INFO 3488 --- [main] o.s.web.context.ContextLoader            : Root WebApplicationContext: initialization completed in 2906 ms
2020-02-21 14:53:26.999  WARN 3488 --- [main] l.server.config.SentryConfiguration      : Turning off sentry
2020-02-21 14:53:27.046  INFO 3488 --- [main] l.s.c.AudioSendFactoryConfiguration      : OS: Windows 10, Arch: amd64
2020-02-21 14:53:27.046  INFO 3488 --- [main] l.s.c.AudioSendFactoryConfiguration      : JDA-NAS supported system detected. Enabled native audio sending.
2020-02-21 14:53:27.046  INFO 3488 --- [main] l.s.c.AudioSendFactoryConfiguration      : Setting buffer to 400ms
2020-02-21 14:53:27.046  INFO 3488 --- [main] l.s.c.AudioSendFactoryConfiguration      : Setting playlist load limit to 6
2020-02-21 14:53:28.655  INFO 3488 --- [main] c.s.d.l.tools.GarbageCollectionMonitor   : GC monitoring enabled, reporting results every 2 minutes.
2020-02-21 14:53:30.124  INFO 3488 --- [main] o.s.s.concurrent.ThreadPoolTaskExecutor  : Initializing ExecutorService 'applicationTaskExecutor'
2020-02-21 14:53:31.249  INFO 3488 --- [main] org.xnio                                 : XNIO version 3.3.8.Final
2020-02-21 14:53:31.280  INFO 3488 --- [main] org.xnio.nio                             : XNIO NIO Implementation Version 3.3.8.Final
2020-02-21 14:53:31.499  INFO 3488 --- [main] o.s.b.w.e.u.UndertowServletWebServer     : Undertow started on port(s) 2333 (http) with context path ''
2020-02-21 14:53:31.515  INFO 3488 --- [main] lavalink.server.Launcher                 : Started Launcher in 10.141 seconds (JVM running for 11.586)
2020-02-21 14:53:35.073  INFO 3488 --- [XNIO-1 task-1] io.undertow.servlet                      : Initializing Spring DispatcherServlet 'dispatcherServlet'
2020-02-21 14:53:35.089  INFO 3488 --- [XNIO-1 task-1] o.s.web.servlet.DispatcherServlet        : Initializing Servlet 'dispatcherServlet'
2020-02-21 14:53:35.104  INFO 3488 --- [XNIO-1 task-1] o.s.web.servlet.DispatcherServlet        : Completed initialization in 15 ms
2020-02-21 14:53:35.167  INFO 3488 --- [XNIO-1 task-1] l.server.io.HandshakeInterceptorImpl     : Incoming connection from /127.0.0.1:49696
2020-02-21 14:53:35.354  INFO 3488 --- [XNIO-1 task-1] c.s.d.l.tools.GarbageCollectionMonitor   : GC monitoring enabled, reporting results every 2 minutes.
2020-02-21 14:53:35.995  INFO 3488 --- [XNIO-1 task-1] lavalink.server.io.SocketServer          : Connection successfully established from /127.0.0.1:49696
2020-02-21 14:53:36.042  INFO 3488 --- [XNIO-1 I/O-2] lavalink.server.io.SocketServer          : {"op": "configureResuming", "key": "default-node", "timeout": 60}
